[2020-02-13 22:08:06] WINDOW_ITEMS[class=PacketPlayOutWindowItems, id=21]:
[2020-02-13 22:08:06] 00000000 00 00 2E 00 00 00 00 00 00 00 00 00 00 00 00 00 ................
00000010 00 00 00 00 00 00 01 C2 06 01 00 00 00 00 00 00 ................
00000020 00 00 00 00 00 00 00 00 00 00 00 01 C2 06 01 00 ................
00000030 00 00 00 00 00 00 00 00 00                      .........


[2020-02-13 22:08:10] WINDOW_ITEMS[class=PacketPlayOutWindowItems, id=21]:
[2020-02-13 22:08:10] 00000000 00 00 2E 00 00 00 00 00 00 00 00 00 00 00 00 00 ................
00000010 00 00 00 00 00 00 00 00 00 00 00 00 00 00 00 00 ................
00000020 00 00 00 00 00 00 00 00 01 C2 06 01 00 00 00 00 ................
00000030 00 00 00 00 00                                  .....


[2020-02-13 22:08:10] WINDOW_ITEMS[class=PacketPlayOutWindowItems, id=21]:
[2020-02-13 22:08:10] 00000000 00 00 2E 00 00 00 00 00 00 00 00 00 00 00 00 00 ................
00000010 00 00 00 00 00 00 00 00 00 00 00 00 00 00 00 00 ................
00000020 00 00 00 00 00 00 00 00 01 C2 06 01 00 00 00 00 ................
00000030 00 00 00 00 00                                  .....


[2020-02-13 22:08:12] WINDOW_ITEMS[class=PacketPlayOutWindowItems, id=21]:
[2020-02-13 22:08:12] 00000000 00 00 2E 00 00 00 00 00 00 00 00 00 00 00 00 00 ................
00000010 00 00 00 00 00 00 00 00 00 00 00 00 00 00 01 C2 ................
00000020 06 01 00 00 00 00 00 00 00 00 00 00 00 00 00 00 ................
00000030 00 00 00 00 00                                  .....


[2020-02-13 22:08:12] WINDOW_ITEMS[class=PacketPlayOutWindowItems, id=21]:
[2020-02-13 22:08:12] 00000000 00 00 2E 00 00 00 00 00 00 00 00 00 00 00 00 00 ................
00000010 00 00 00 00 00 00 00 00 00 00 00 00 00 00 00 00 ................
00000020 00 00 00 00 00 00 00 01 C2 06 01 0A 00 00 0A 00 ................
00000030 07 64 69 73 70 6C 61 79 09 00 04 4C 6F 72 65 08 .display...Lore.
00000040 00 00 00 01 00 37 7B 22 74 65 78 74 22 3A 22 48 .....7{"text":"H
00000050 69 64 64 65 6E 3A 20 4E 6F 20 69 74 20 69 73 6E idden: No it isn
00000060 27 74 20 28 79 6F 75 20 73 68 6F 75 6C 64 6E 27 't (you shouldn'
00000070 74 20 73 65 65 20 74 68 69 73 29 22 7D 00 00 01 t see this)"}...
00000080 C2 06 01 00 00 00 00 00 00 00 00 00             ............


[2020-02-13 22:08:45] WINDOW_ITEMS[class=PacketPlayOutWindowItems, id=21]:
[2020-02-13 22:08:45] 00000000 00 00 2E 00 00 00 00 00 00 00 00 00 00 00 00 00 ................
00000010 00 00 00 00 00 00 00 00 00 00 00 00 00 00 00 00 ................
00000020 00 00 00 00 00 00 00 01 C2 06 01 00 01 C2 06 01 ................
00000030 0A 00 00 0A 00 07 64 69 73 70 6C 61 79 09 00 04 ......display...
00000040 4C 6F 72 65 08 00 00 00 01 00 37 7B 22 74 65 78 Lore......7{"tex
00000050 74 22 3A 22 48 69 64 64 65 6E 3A 20 4E 6F 20 69 t":"Hidden: No i
00000060 74 20 69 73 6E 27 74 20 28 79 6F 75 20 73 68 6F t isn't (you sho
00000070 75 6C 64 6E 27 74 20 73 65 65 20 74 68 69 73 29 uldn't see this)
00000080 22 7D 00 00 00 00 00 00 00 00 00 00             "}..........


[2020-02-13 22:08:45] WINDOW_ITEMS[class=PacketPlayOutWindowItems, id=21]:
[2020-02-13 22:08:45] 00000000 00 00 2E 00 00 00 00 00 00 00 00 00 00 00 00 00 ................
00000010 00 00 00 00 00 00 00 00 00 00 00 00 00 00 00 00 ................
00000020 00 00 00 00 00 00 00 00 01 C2 06 01 0A 00 00 0A ................
00000030 00 07 64 69 73 70 6C 61 79 09 00 04 4C 6F 72 65 ..display...Lore
00000040 08 00 00 00 01 00 37 7B 22 74 65 78 74 22 3A 22 ......7{"text":"
00000050 48 69 64 64 65 6E 3A 20 4E 6F 20 69 74 20 69 73 Hidden: No it is
00000060 6E 27 74 20 28 79 6F 75 20 73 68 6F 75 6C 64 6E n't (you shouldn
00000070 27 74 20 73 65 65 20 74 68 69 73 29 22 7D 00 00 't see this)"}..
00000080 01 C2 06 01 00 00 00 00 00 00 00 00             ............


[2020-02-13 22:08:46] WINDOW_ITEMS[class=PacketPlayOutWindowItems, id=21]:
[2020-02-13 22:08:46] 00000000 00 00 2E 00 00 00 00 00 00 00 00 00 00 00 00 00 ................
00000010 00 00 00 00 00 00 00 00 00 00 00 00 00 00 00 00 ................
00000020 00 00 00 00 00 00 00 00 01 C2 06 01 0A 00 00 0A ................
00000030 00 07 64 69 73 70 6C 61 79 09 00 04 4C 6F 72 65 ..display...Lore
00000040 08 00 00 00 01 00 37 7B 22 74 65 78 74 22 3A 22 ......7{"text":"
00000050 48 69 64 64 65 6E 3A 20 4E 6F 20 69 74 20 69 73 Hidden: No it is
00000060 6E 27 74 20 28 79 6F 75 20 73 68 6F 75 6C 64 6E n't (you shouldn
00000070 27 74 20 73 65 65 20 74 68 69 73 29 22 7D 00 00 't see this)"}..
00000080 01 C2 06 01 00 00 00 00 00 00 00 00             ............


[2020-02-13 22:26:46] WINDOW_ITEMS[class=PacketPlayOutWindowItems, id=21]:
[2020-02-13 22:26:46] 00000000 00 00 2E 00 00 00 00 00 00 00 00 00 00 00 00 00 ................
00000010 00 00 00 00 00 00 00 00 00 00 00 00 00 00 00 00 ................
00000020 01 C2 06 01 00 00 00 00 00 00 00 01 C2 06 01 00 ................
00000030 00 00 00 00 00 00 00 00 00                      .........


[2020-02-13 22:26:48] WINDOW_ITEMS[class=PacketPlayOutWindowItems, id=21]:
[2020-02-13 22:26:48] 00000000 00 00 2E 00 00 00 00 01 C2 06 01 00 00 00 00 00 ................
00000010 00 00 00 00 00 00 00 00 00 00 00 00 00 00 00 00 ................
00000020 00 00 00 00 00 00 00 00 00 00 00 01 C2 06 01 00 ................
00000030 00 00 00 00 00 00 00 00 00                      .........


[2020-02-13 22:26:54] WINDOW_ITEMS[class=PacketPlayOutWindowItems, id=21]:
[2020-02-13 22:26:54] 00000000 00 00 2E 00 00 00 00 00 00 00 00 00 00 00 00 00 ................
00000010 00 00 00 00 00 00 00 00 00 00 00 00 00 00 00 00 ................
00000020 00 00 00 00 00 00 00 01 C2 06 01 00 01 C2 06 01 ................
00000030 00 00 00 00 00 00 00 00 00                      .........


[2020-02-13 22:26:55] WINDOW_ITEMS[class=PacketPlayOutWindowItems, id=21]:
[2020-02-13 22:26:55] 00000000 00 00 2E 00 00 00 00 00 00 00 00 00 00 00 00 00 ................
00000010 00 00 00 00 00 00 00 00 00 00 00 00 00 00 00 00 ................
00000020 00 00 00 00 00 00 00 01 C2 06 01 00 00 00 01 C2 ................
00000030 06 01 00 00 00 00 00 00 00                      .........


[2020-02-13 22:26:56] WINDOW_ITEMS[class=PacketPlayOutWindowItems, id=21]:
[2020-02-13 22:26:56] 00000000 00 00 2E 00 00 00 00 00 00 00 00 00 00 00 00 00 ................
00000010 00 00 00 00 00 00 00 00 00 01 C2 06 01 00 00 00 ................
00000020 00 00 00 00 00 00 00 00 00 00 00 01 C2 06 01 00 ................
00000030 00 00 00 00 00 00 00 00 00                      .........


[2020-02-13 22:26:56] WINDOW_ITEMS[class=PacketPlayOutWindowItems, id=21]:
[2020-02-13 22:26:56] 00000000 00 00 2E 00 00 00 00 00 00 00 00 00 00 00 00 00 ................
00000010 01 C2 06 01 00 00 00 00 00 00 00 00 00 00 00 00 ................
00000020 00 00 00 00 00 00 00 00 00 00 00 01 C2 06 01 00 ................
00000030 00 00 00 00 00 00 00 00 00                      .........


[2020-02-13 22:26:59] WINDOW_ITEMS[class=PacketPlayOutWindowItems, id=21]:
[2020-02-13 22:26:59] 00000000 00 00 2E 00 00 00 00 00 00 00 00 00 00 00 00 00 ................
00000010 00 00 00 00 00 00 00 00 00 00 00 00 00 00 00 00 ................
00000020 00 00 00 00 00 00 00 01 C2 06 01 00 01 C2 06 01 ................
00000030 00 00 00 00 00 00 00 00 00                      .........


[2020-02-13 22:27:00] WINDOW_ITEMS[class=PacketPlayOutWindowItems, id=21]:
[2020-02-13 22:27:00] 00000000 00 00 2E 00 00 00 00 00 00 00 00 00 00 00 00 00 ................
00000010 00 00 00 00 00 00 00 00 00 00 00 00 00 00 00 01 ................
00000020 C2 06 01 00 00 00 00 00 00 00 00 01 C2 06 01 00 ................
00000030 00 00 00 00 00 00 00 00 00                      .........


[2020-02-13 22:27:00] WINDOW_ITEMS[class=PacketPlayOutWindowItems, id=21]:
[2020-02-13 22:27:00] 00000000 00 00 2E 00 00 00 00 00 00 00 00 00 00 00 00 00 ................
00000010 00 00 00 00 00 00 00 00 00 00 00 00 00 00 00 00 ................
00000020 00 00 00 00 00 00 00 01 C2 06 01 00 01 C2 06 01 ................
00000030 00 00 00 00 00 00 00 00 00                      .........


[2020-02-13 22:27:04] WINDOW_ITEMS[class=PacketPlayOutWindowItems, id=21]:
[2020-02-13 22:27:04] 00000000 00 00 2E 00 00 00 00 00 00 00 00 00 00 01 C2 06 ................
00000010 01 00 00 00 00 00 00 00 00 00 00 00 00 00 00 00 ................
00000020 00 00 00 01 C2 06 01 00 00 00 00 00 00 00 00 00 ................
00000030 00 00 00 00 00 00 00 00 00                      .........


[2020-02-13 22:27:08] WINDOW_ITEMS[class=PacketPlayOutWindowItems, id=21]:
[2020-02-13 22:27:08] 00000000 00 00 2E 00 00 01 C2 06 01 00 01 C2 06 01 00 00 ................
00000010 00 00 00 00 00 00 00 00 00 00 00 00 00 00 00 00 ................
00000020 00 00 00 00 00 00 00 00 00 00 00 00 00 00 00 00 ................
00000030 00 00 00 00 00 00 00 00 00                      .........


[2020-02-13 22:27:09] WINDOW_ITEMS[class=PacketPlayOutWindowItems, id=21]:
[2020-02-13 22:27:09] 00000000 00 00 2E 00 00 00 00 01 C2 06 01 00 00 00 00 00 ................
00000010 00 00 00 00 00 00 00 00 00 00 00 00 00 00 00 00 ................
00000020 00 00 00 00 00 00 00 00 00 00 00 00 00 00 00 00 ................
00000030 00 00 00 00 00                                  .....


[2020-03-08 14:19:38] REL_ENTITY_MOVE[class=PacketPlayOutRelEntityMove, id=41]:
[2020-03-08 14:19:38] 00000000 08 00 00 00 00 00 00 01                         ........


[2020-03-08 14:19:38] REL_ENTITY_MOVE[class=PacketPlayOutRelEntityMove, id=41]:
[2020-03-08 14:19:38] 00000000 08 00 00 00 00 00 00 01                         ........


[2020-03-08 14:19:38] REL_ENTITY_MOVE[class=PacketPlayOutRelEntityMove, id=41]:
[2020-03-08 14:19:38] 00000000 03 00 0B 00 00 06 E2 01                         ........


[2020-03-08 14:19:38] REL_ENTITY_MOVE[class=PacketPlayOutRelEntityMove, id=41]:
[2020-03-08 14:19:38] 00000000 09 00 00 00 00 00 00 01                         ........


[2020-03-08 14:19:38] REL_ENTITY_MOVE[class=PacketPlayOutRelEntityMove, id=41]:
[2020-03-08 14:19:38] 00000000 09 00 00 00 00 00 00 01                         ........


[2020-03-08 14:19:38] REL_ENTITY_MOVE[class=PacketPlayOutRelEntityMove, id=41]:
[2020-03-08 14:19:38] 00000000 03 00 00 00 00 01 94 01                         ........


[2020-03-08 14:19:38] REL_ENTITY_MOVE[class=PacketPlayOutRelEntityMove, id=41]:
[2020-03-08 14:19:38] 00000000 03 00 00 00 00 00 DD 01                         ........


[2020-03-08 14:19:38] REL_ENTITY_MOVE[class=PacketPlayOutRelEntityMove, id=41]:
[2020-03-08 14:19:38] 00000000 02 00 00 00 00 00 00 01                         ........


[2020-03-08 14:19:38] REL_ENTITY_MOVE[class=PacketPlayOutRelEntityMove, id=41]:
[2020-03-08 14:19:38] 00000000 03 00 00 00 00 00 BA 01                         ........


[2020-03-08 14:19:38] REL_ENTITY_MOVE[class=PacketPlayOutRelEntityMove, id=41]:
[2020-03-08 14:19:38] 00000000 05 00 00 00 00 00 00 00                         ........


[2020-03-08 14:19:38] REL_ENTITY_MOVE[class=PacketPlayOutRelEntityMove, id=41]:
[2020-03-08 14:19:38] 00000000 05 00 00 00 00 00 00 00                         ........


[2020-03-08 14:19:38] REL_ENTITY_MOVE[class=PacketPlayOutRelEntityMove, id=41]:
[2020-03-08 14:19:38] 00000000 02 FF FB 09 D5 08 A7 00                         ........


[2020-03-08 14:19:38] REL_ENTITY_MOVE[class=PacketPlayOutRelEntityMove, id=41]:
[2020-03-08 14:19:38] 00000000 02 00 00 02 E5 02 C8 00                         ........


[2020-03-08 14:19:38] REL_ENTITY_MOVE[class=PacketPlayOutRelEntityMove, id=41]:
[2020-03-08 14:19:38] 00000000 02 00 00 01 95 02 88 00                         ........


[2020-03-08 14:19:39] REL_ENTITY_MOVE[class=PacketPlayOutRelEntityMove, id=41]:
[2020-03-08 14:19:39] 00000000 02 00 00 00 4C 02 4E 00                         ....L.N.


[2020-03-08 14:19:39] REL_ENTITY_MOVE[class=PacketPlayOutRelEntityMove, id=41]:
[2020-03-08 14:19:39] 00000000 02 00 00 FF 09 02 18 00                         ........


[2020-03-08 14:19:39] REL_ENTITY_MOVE[class=PacketPlayOutRelEntityMove, id=41]:
[2020-03-08 14:19:39] 00000000 02 00 00 FD CD 01 E8 00                         ........


[2020-03-08 14:19:39] REL_ENTITY_MOVE[class=PacketPlayOutRelEntityMove, id=41]:
[2020-03-08 14:19:39] 00000000 02 00 00 FC 97 01 BD 00                         ........


[2020-03-08 14:19:39] REL_ENTITY_MOVE[class=PacketPlayOutRelEntityMove, id=41]:
[2020-03-08 14:19:39] 00000000 02 00 00 FB 68 01 94 00                         ....h...


[2020-03-08 14:19:39] REL_ENTITY_MOVE[class=PacketPlayOutRelEntityMove, id=41]:
[2020-03-08 14:19:39] 00000000 03 00 02 00 00 01 C9 01                         ........


[2020-03-08 14:19:39] REL_ENTITY_MOVE[class=PacketPlayOutRelEntityMove, id=41]:
[2020-03-08 14:19:39] 00000000 02 00 00 00 00 01 4F 01                         ......O.


[2020-03-08 14:19:39] REL_ENTITY_MOVE[class=PacketPlayOutRelEntityMove, id=41]:
[2020-03-08 14:19:39] 00000000 03 00 03 00 00 02 6D 01                         ......m.


[2020-03-08 14:19:39] REL_ENTITY_MOVE[class=PacketPlayOutRelEntityMove, id=41]:
[2020-03-08 14:19:39] 00000000 02 00 00 00 00 00 B7 01                         ........


[2020-03-08 14:19:39] REL_ENTITY_MOVE[class=PacketPlayOutRelEntityMove, id=41]:
[2020-03-08 14:19:39] 00000000 03 00 05 00 00 02 E4 01                         ........


[2020-03-08 14:19:39] REL_ENTITY_MOVE[class=PacketPlayOutRelEntityMove, id=41]:
[2020-03-08 14:19:39] 00000000 03 00 06 00 00 03 25 01                         ......%.


[2020-03-08 14:19:39] REL_ENTITY_MOVE[class=PacketPlayOutRelEntityMove, id=41]:
[2020-03-08 14:19:39] 00000000 02 00 00 00 00 00 9A 01                         ........


[2020-03-08 14:19:39] REL_ENTITY_MOVE[class=PacketPlayOutRelEntityMove, id=41]:
[2020-03-08 14:19:39] 00000000 03 00 05 00 00 03 4A 01                         ......J.


[2020-03-08 14:19:39] REL_ENTITY_MOVE[class=PacketPlayOutRelEntityMove, id=41]:
[2020-03-08 14:19:39] 00000000 03 00 07 00 00 03 5C 01                         ......\.


[2020-03-08 14:19:39] REL_ENTITY_MOVE[class=PacketPlayOutRelEntityMove, id=41]:
[2020-03-08 14:19:39] 00000000 03 00 0A 00 00 03 6D 01                         ......m.


[2020-03-08 14:19:39] REL_ENTITY_MOVE[class=PacketPlayOutRelEntityMove, id=41]:
[2020-03-08 14:19:39] 00000000 03 00 0A 00 00 03 70 01                         ......p.


[2020-03-08 14:19:39] REL_ENTITY_MOVE[class=PacketPlayOutRelEntityMove, id=41]:
[2020-03-08 14:19:39] 00000000 03 00 00 00 00 01 E1 01                         ........


[2020-03-08 14:19:39] REL_ENTITY_MOVE[class=PacketPlayOutRelEntityMove, id=41]:
[2020-03-08 14:19:39] 00000000 03 00 00 00 00 01 06 01                         ........


[2020-03-08 14:19:39] REL_ENTITY_MOVE[class=PacketPlayOutRelEntityMove, id=41]:
[2020-03-08 14:19:39] 00000000 03 00 00 00 00 00 90 01                         ........


[2020-03-08 14:19:40] REL_ENTITY_MOVE[class=PacketPlayOutRelEntityMove, id=41]:
[2020-03-08 14:19:40] 00000000 03 00 00 00 00 00 90 01                         ........


[2020-03-08 14:19:40] REL_ENTITY_MOVE[class=PacketPlayOutRelEntityMove, id=41]:
[2020-03-08 14:19:40] 00000000 02 00 00 00 00 00 00 01                         ........


[2020-03-08 14:19:40] REL_ENTITY_MOVE[class=PacketPlayOutRelEntityMove, id=41]:
[2020-03-08 14:19:40] 00000000 02 FF CC 09 D5 09 96 00                         ........


[2020-03-08 14:19:40] REL_ENTITY_MOVE[class=PacketPlayOutRelEntityMove, id=41]:
[2020-03-08 14:19:40] 00000000 02 FF F0 02 E5 03 15 00                         ........


[2020-03-08 14:19:40] REL_ENTITY_MOVE[class=PacketPlayOutRelEntityMove, id=41]:
[2020-03-08 14:19:40] 00000000 02 FF F1 01 95 02 CD 00                         ........


[2020-03-08 14:19:40] REL_ENTITY_MOVE[class=PacketPlayOutRelEntityMove, id=41]:
[2020-03-08 14:19:40] 00000000 02 FF F2 00 4C 02 8D 00                         ....L...


[2020-03-08 14:19:40] REL_ENTITY_MOVE[class=PacketPlayOutRelEntityMove, id=41]:
[2020-03-08 14:19:40] 00000000 02 FF F4 FF 09 02 53 00                         ......S.


[2020-03-08 14:19:40] REL_ENTITY_MOVE[class=PacketPlayOutRelEntityMove, id=41]:
[2020-03-08 14:19:40] 00000000 02 00 00 FD CD 02 1C 00                         ........


[2020-03-08 14:19:40] REL_ENTITY_MOVE[class=PacketPlayOutRelEntityMove, id=41]:
[2020-03-08 14:19:40] 00000000 02 00 00 FC 97 01 EC 00                         ........


[2020-03-08 14:19:40] REL_ENTITY_MOVE[class=PacketPlayOutRelEntityMove, id=41]:
[2020-03-08 14:19:40] 00000000 03 00 09 00 00 01 9E 01                         ........


[2020-03-08 14:19:40] REL_ENTITY_MOVE[class=PacketPlayOutRelEntityMove, id=41]:
[2020-03-08 14:19:40] 00000000 02 00 00 FB 68 01 C0 00                         ....h...


[2020-03-08 14:19:40] REL_ENTITY_MOVE[class=PacketPlayOutRelEntityMove, id=41]:
[2020-03-08 14:19:40] 00000000 03 00 0A 00 00 02 6C 01                         ......l.


[2020-03-08 14:19:40] REL_ENTITY_MOVE[class=PacketPlayOutRelEntityMove, id=41]:
[2020-03-08 14:19:40] 00000000 03 00 0A 00 00 02 E4 01                         ........


[2020-03-08 14:19:40] REL_ENTITY_MOVE[class=PacketPlayOutRelEntityMove, id=41]:
[2020-03-08 14:19:40] 00000000 02 00 00 00 00 01 73 01                         ......s.


[2020-03-08 14:19:41] REL_ENTITY_MOVE[class=PacketPlayOutRelEntityMove, id=41]:
[2020-03-08 14:19:41] 00000000 03 00 0A 00 00 03 26 01                         ......&.


[2020-03-08 14:19:41] REL_ENTITY_MOVE[class=PacketPlayOutRelEntityMove, id=41]:
[2020-03-08 14:19:41] 00000000 02 00 00 00 00 00 CA 01                         ........


[2020-03-08 14:19:41] REL_ENTITY_MOVE[class=PacketPlayOutRelEntityMove, id=41]:
[2020-03-08 14:19:41] 00000000 03 00 0A 00 00 03 49 01                         ......I.


[2020-03-08 14:19:41] REL_ENTITY_MOVE[class=PacketPlayOutRelEntityMove, id=41]:
[2020-03-08 14:19:41] 00000000 03 00 00 00 00 01 CB 01                         ........


[2020-03-08 14:19:41] REL_ENTITY_MOVE[class=PacketPlayOutRelEntityMove, id=41]:
[2020-03-08 14:19:41] 00000000 02 00 00 00 00 00 AB 01                         ........


[2020-03-08 14:19:41] REL_ENTITY_MOVE[class=PacketPlayOutRelEntityMove, id=41]:
[2020-03-08 14:19:41] 00000000 03 00 00 00 00 00 FA 01                         ........


[2020-03-08 14:19:41] REL_ENTITY_MOVE[class=PacketPlayOutRelEntityMove, id=41]:
[2020-03-08 14:19:41] 00000000 03 00 00 00 00 00 89 01                         ........


[2020-03-08 14:19:41] REL_ENTITY_MOVE[class=PacketPlayOutRelEntityMove, id=41]:
[2020-03-08 14:19:41] 00000000 08 00 00 00 00 00 00 01                         ........


[2020-03-08 14:19:41] REL_ENTITY_MOVE[class=PacketPlayOutRelEntityMove, id=41]:
[2020-03-08 14:19:41] 00000000 08 00 00 00 00 00 00 01                         ........


[2020-03-08 14:19:41] REL_ENTITY_MOVE[class=PacketPlayOutRelEntityMove, id=41]:
[2020-03-08 14:19:41] 00000000 09 00 00 00 00 00 00 01                         ........


[2020-03-08 14:19:41] REL_ENTITY_MOVE[class=PacketPlayOutRelEntityMove, id=41]:
[2020-03-08 14:19:41] 00000000 09 00 00 00 00 00 00 01                         ........


[2020-03-08 14:19:41] REL_ENTITY_MOVE[class=PacketPlayOutRelEntityMove, id=41]:
[2020-03-08 14:19:41] 00000000 02 00 00 00 00 00 00 01                         ........


[2020-03-08 14:19:41] REL_ENTITY_MOVE[class=PacketPlayOutRelEntityMove, id=41]:
[2020-03-08 14:19:41] 00000000 05 00 00 00 00 00 00 00                         ........


[2020-03-08 14:19:41] REL_ENTITY_MOVE[class=PacketPlayOutRelEntityMove, id=41]:
[2020-03-08 14:19:41] 00000000 05 00 00 00 00 00 00 00                         ........


[2020-03-08 14:19:42] REL_ENTITY_MOVE[class=PacketPlayOutRelEntityMove, id=41]:
[2020-03-08 14:19:42] 00000000 03 FF 7A 00 00 00 CF 01                         ..z.....


[2020-03-08 14:19:42] REL_ENTITY_MOVE[class=PacketPlayOutRelEntityMove, id=41]:
[2020-03-08 14:19:42] 00000000 02 F7 58 09 D5 01 37 00                         ..X...7.


[2020-03-08 14:19:42] REL_ENTITY_MOVE[class=PacketPlayOutRelEntityMove, id=41]:
[2020-03-08 14:19:42] 00000000 03 FF B8 00 00 00 71 01                         ......q.


[2020-03-08 14:19:42] REL_ENTITY_MOVE[class=PacketPlayOutRelEntityMove, id=41]:
[2020-03-08 14:19:42] 00000000 02 FD 38 02 E5 00 64 00                         ..8...d.


[2020-03-08 14:19:42] REL_ENTITY_MOVE[class=PacketPlayOutRelEntityMove, id=41]:
[2020-03-08 14:19:42] 00000000 02 FD 78 01 95 00 5B 00                         ..x...[.


[2020-03-08 14:19:42] REL_ENTITY_MOVE[class=PacketPlayOutRelEntityMove, id=41]:
[2020-03-08 14:19:42] 00000000 02 FD B2 00 4C 00 53 00                         ....L.S.


[2020-03-08 14:19:42] REL_ENTITY_MOVE[class=PacketPlayOutRelEntityMove, id=41]:
[2020-03-08 14:19:42] 00000000 03 FF C2 00 00 00 72 01                         ......r.


[2020-03-08 14:19:42] REL_ENTITY_MOVE[class=PacketPlayOutRelEntityMove, id=41]:
[2020-03-08 14:19:42] 00000000 02 FD E8 FF 09 00 4B 00                         ......K.


[2020-03-08 14:19:42] REL_ENTITY_MOVE[class=PacketPlayOutRelEntityMove, id=41]:
[2020-03-08 14:19:42] 00000000 02 FE 18 FD CD 00 45 00                         ......E.


[2020-03-08 14:19:42] REL_ENTITY_MOVE[class=PacketPlayOutRelEntityMove, id=41]:
[2020-03-08 14:19:42] 00000000 02 FE 43 FC 97 00 3E 00                         ..C...>.


[2020-03-08 14:19:42] REL_ENTITY_MOVE[class=PacketPlayOutRelEntityMove, id=41]:
[2020-03-08 14:19:42] 00000000 02 FE 6C FB 68 00 39 00                         ..l.h.9.


[2020-03-08 14:19:42] REL_ENTITY_MOVE[class=PacketPlayOutRelEntityMove, id=41]:
[2020-03-08 14:19:42] 00000000 02 FE B1 00 00 00 2F 01                         ....../.


[2020-03-08 14:19:42] REL_ENTITY_MOVE[class=PacketPlayOutRelEntityMove, id=41]:
[2020-03-08 14:19:42] 00000000 02 FF 49 00 00 00 19 01                         ..I.....


[2020-03-08 14:19:42] REL_ENTITY_MOVE[class=PacketPlayOutRelEntityMove, id=41]:
[2020-03-08 14:19:42] 00000000 02 FF 66 00 00 00 0E 01                         ..f.....


[2020-03-08 14:19:42] REL_ENTITY_MOVE[class=PacketPlayOutRelEntityMove, id=41]:
[2020-03-08 14:19:42] 00000000 03 00 00 00 00 00 00 01                         ........


[2020-03-08 14:19:43] REL_ENTITY_MOVE[class=PacketPlayOutRelEntityMove, id=41]:
[2020-03-08 14:19:43] 00000000 02 00 00 00 00 00 00 01                         ........


[2020-03-08 14:19:43] REL_ENTITY_MOVE[class=PacketPlayOutRelEntityMove, id=41]:
[2020-03-08 14:19:43] 00000000 02 FF D2 00 00 00 00 01                         ........


[2020-03-08 14:19:44] REL_ENTITY_MOVE[class=PacketPlayOutRelEntityMove, id=41]:
[2020-03-08 14:19:44] 00000000 08 00 00 00 00 00 00 01                         ........


[2020-03-08 14:19:44] REL_ENTITY_MOVE[class=PacketPlayOutRelEntityMove, id=41]:
[2020-03-08 14:19:44] 00000000 08 00 00 00 00 00 00 01                         ........


[2020-03-08 14:19:44] REL_ENTITY_MOVE[class=PacketPlayOutRelEntityMove, id=41]:
[2020-03-08 14:19:44] 00000000 03 00 00 00 00 00 00 01                         ........


[2020-03-08 14:19:44] REL_ENTITY_MOVE[class=PacketPlayOutRelEntityMove, id=41]:
[2020-03-08 14:19:44] 00000000 09 00 00 00 00 00 00 01                         ........


[2020-03-08 14:19:44] REL_ENTITY_MOVE[class=PacketPlayOutRelEntityMove, id=41]:
[2020-03-08 14:19:44] 00000000 09 00 00 00 00 00 00 01                         ........


[2020-03-08 14:19:44] REL_ENTITY_MOVE[class=PacketPlayOutRelEntityMove, id=41]:
[2020-03-08 14:19:44] 00000000 02 00 00 00 00 00 00 01                         ........


[2020-03-08 14:19:44] REL_ENTITY_MOVE[class=PacketPlayOutRelEntityMove, id=41]:
[2020-03-08 14:19:44] 00000000 05 00 00 00 00 00 00 00                         ........


[2020-03-08 14:19:44] REL_ENTITY_MOVE[class=PacketPlayOutRelEntityMove, id=41]:
[2020-03-08 14:19:44] 00000000 05 00 00 00 00 00 00 00                         ........


[2020-03-08 14:22:12] REL_ENTITY_MOVE[class=PacketPlayOutRelEntityMove, id=41]:
[2020-03-08 14:22:12] 00000000 03 00 00 00 00 00 00 01                         ........


[2020-03-08 14:22:12] REL_ENTITY_MOVE[class=PacketPlayOutRelEntityMove, id=41]:
[2020-03-08 14:22:12] 00000000 03 FE 79 00 00 00 58 01                         ..y...X.


[2020-03-08 14:22:12] REL_ENTITY_MOVE[class=PacketPlayOutRelEntityMove, id=41]:
[2020-03-08 14:22:12] 00000000 03 FE 4F 00 00 01 8A 01                         ..O.....


[2020-03-08 14:22:13] REL_ENTITY_MOVE[class=PacketPlayOutRelEntityMove, id=41]:
[2020-03-08 14:22:13] 00000000 03 FE 38 00 00 02 31 01                         ..8...1.


[2020-03-08 14:22:13] REL_ENTITY_MOVE[class=PacketPlayOutRelEntityMove, id=41]:
[2020-03-08 14:22:13] 00000000 03 FE 2C 00 00 02 8D 01                         ..,.....


[2020-03-08 14:22:13] REL_ENTITY_MOVE[class=PacketPlayOutRelEntityMove, id=41]:
[2020-03-08 14:22:13] 00000000 03 FF 59 00 00 02 EC 01                         ..Y.....


[2020-03-08 14:22:13] REL_ENTITY_MOVE[class=PacketPlayOutRelEntityMove, id=41]:
[2020-03-08 14:22:13] 00000000 02 00 00 00 00 00 00 01                         ........


[2020-03-08 14:22:13] REL_ENTITY_MOVE[class=PacketPlayOutRelEntityMove, id=41]:
[2020-03-08 14:22:13] 00000000 03 FF FC 00 00 03 20 01                         ...... .


[2020-03-08 14:22:13] REL_ENTITY_MOVE[class=PacketPlayOutRelEntityMove, id=41]:
[2020-03-08 14:22:13] 00000000 03 00 58 00 00 03 3C 01                         ..X...<.


[2020-03-08 14:22:13] REL_ENTITY_MOVE[class=PacketPlayOutRelEntityMove, id=41]:
[2020-03-08 14:22:13] 00000000 03 00 88 00 00 03 4C 01                         ......L.


[2020-03-08 14:22:13] REL_ENTITY_MOVE[class=PacketPlayOutRelEntityMove, id=41]:
[2020-03-08 14:22:13] 00000000 03 00 A3 00 00 03 55 01                         ......U.


[2020-03-08 14:22:13] REL_ENTITY_MOVE[class=PacketPlayOutRelEntityMove, id=41]:
[2020-03-08 14:22:13] 00000000 03 00 B0 00 00 03 59 01                         ......Y.


[2020-03-08 14:22:13] REL_ENTITY_MOVE[class=PacketPlayOutRelEntityMove, id=41]:
[2020-03-08 14:22:13] 00000000 03 00 DB 00 00 00 00 01                         ........


[2020-03-08 14:22:13] REL_ENTITY_MOVE[class=PacketPlayOutRelEntityMove, id=41]:
[2020-03-08 14:22:13] 00000000 03 01 6C 00 00 00 00 01                         ..l.....


[2020-03-08 14:22:14] REL_ENTITY_MOVE[class=PacketPlayOutRelEntityMove, id=41]:
[2020-03-08 14:22:14] 00000000 03 00 47 00 00 FC E1 01                         ..G.....


[2020-03-08 14:22:14] REL_ENTITY_MOVE[class=PacketPlayOutRelEntityMove, id=41]:
[2020-03-08 14:22:14] 00000000 03 00 8B 00 00 FC C7 01                         ........


[2020-03-08 14:22:14] REL_ENTITY_MOVE[class=PacketPlayOutRelEntityMove, id=41]:
[2020-03-08 14:22:14] 00000000 08 00 00 00 00 00 00 01                         ........


[2020-03-08 14:22:14] REL_ENTITY_MOVE[class=PacketPlayOutRelEntityMove, id=41]:
[2020-03-08 14:22:14] 00000000 08 00 00 00 00 00 00 01                         ........


[2020-03-08 14:22:14] REL_ENTITY_MOVE[class=PacketPlayOutRelEntityMove, id=41]:
[2020-03-08 14:22:14] 00000000 09 00 00 00 00 00 00 01                         ........


[2020-03-08 14:22:14] REL_ENTITY_MOVE[class=PacketPlayOutRelEntityMove, id=41]:
[2020-03-08 14:22:14] 00000000 09 00 00 00 00 00 00 01                         ........


[2020-03-08 14:22:14] REL_ENTITY_MOVE[class=PacketPlayOutRelEntityMove, id=41]:
[2020-03-08 14:22:14] 00000000 03 00 B8 00 00 FC A4 01                         ........


[2020-03-08 14:22:14] REL_ENTITY_MOVE[class=PacketPlayOutRelEntityMove, id=41]:
[2020-03-08 14:22:14] 00000000 02 FF B8 09 D5 F7 6A 00                         ......j.


[2020-03-08 14:22:14] REL_ENTITY_MOVE[class=PacketPlayOutRelEntityMove, id=41]:
[2020-03-08 14:22:14] 00000000 03 00 B7 00 00 FC A1 01                         ........


[2020-03-08 14:22:14] REL_ENTITY_MOVE[class=PacketPlayOutRelEntityMove, id=41]:
[2020-03-08 14:22:14] 00000000 02 FF E9 02 E5 FD 3D 00                         ......=.


[2020-03-08 14:22:14] REL_ENTITY_MOVE[class=PacketPlayOutRelEntityMove, id=41]:
[2020-03-08 14:22:14] 00000000 03 00 63 00 00 FE 29 01                         ..c...).


[2020-03-08 14:22:14] REL_ENTITY_MOVE[class=PacketPlayOutRelEntityMove, id=41]:
[2020-03-08 14:22:14] 00000000 02 FF EB 01 95 FD 7C 00                         ......|.


[2020-03-08 14:22:14] REL_ENTITY_MOVE[class=PacketPlayOutRelEntityMove, id=41]:
[2020-03-08 14:22:14] 00000000 03 00 36 00 00 FE FF 01                         ..6.....


[2020-03-08 14:22:14] REL_ENTITY_MOVE[class=PacketPlayOutRelEntityMove, id=41]:
[2020-03-08 14:22:14] 00000000 02 FF ED 00 4C FD B7 00                         ....L...


[2020-03-08 14:22:14] REL_ENTITY_MOVE[class=PacketPlayOutRelEntityMove, id=41]:
[2020-03-08 14:22:14] 00000000 03 00 1E 00 00 FF 74 01                         ......t.


[2020-03-08 14:22:14] REL_ENTITY_MOVE[class=PacketPlayOutRelEntityMove, id=41]:
[2020-03-08 14:22:14] 00000000 02 FF EE FF 09 FD EB 00                         ........


[2020-03-08 14:22:14] REL_ENTITY_MOVE[class=PacketPlayOutRelEntityMove, id=41]:
[2020-03-08 14:22:14] 00000000 02 FF F1 FD CD FE 1B 00                         ........


[2020-03-08 14:22:14] REL_ENTITY_MOVE[class=PacketPlayOutRelEntityMove, id=41]:
[2020-03-08 14:22:14] 00000000 05 00 00 00 00 00 00 00                         ........


[2020-03-08 14:22:14] REL_ENTITY_MOVE[class=PacketPlayOutRelEntityMove, id=41]:
[2020-03-08 14:22:14] 00000000 05 00 00 00 00 00 00 00                         ........


[2020-03-08 14:22:14] REL_ENTITY_MOVE[class=PacketPlayOutRelEntityMove, id=41]:
[2020-03-08 14:22:14] 00000000 02 FF F1 FC 97 FE 47 00                         ......G.


[2020-03-08 14:22:14] REL_ENTITY_MOVE[class=PacketPlayOutRelEntityMove, id=41]:
[2020-03-08 14:22:14] 00000000 03 00 10 00 00 FF 72 01                         ......r.


[2020-03-08 14:22:14] REL_ENTITY_MOVE[class=PacketPlayOutRelEntityMove, id=41]:
[2020-03-08 14:22:14] 00000000 02 FF F3 FB 68 FE 6F 00                         ....h.o.


[2020-03-08 14:22:14] REL_ENTITY_MOVE[class=PacketPlayOutRelEntityMove, id=41]:
[2020-03-08 14:22:14] 00000000 02 00 00 00 00 FE B4 01                         ........


[2020-03-08 14:22:14] REL_ENTITY_MOVE[class=PacketPlayOutRelEntityMove, id=41]:
[2020-03-08 14:22:14] 00000000 02 00 00 00 00 FF 4A 01                         ......J.


[2020-03-08 14:22:15] REL_ENTITY_MOVE[class=PacketPlayOutRelEntityMove, id=41]:
[2020-03-08 14:22:15] 00000000 02 00 00 00 00 FF 67 01                         ......g.


[2020-03-08 14:22:15] REL_ENTITY_MOVE[class=PacketPlayOutRelEntityMove, id=41]:
[2020-03-08 14:22:15] 00000000 03 00 42 00 00 FD 97 01                         ..B.....


[2020-03-08 14:22:15] REL_ENTITY_MOVE[class=PacketPlayOutRelEntityMove, id=41]:
[2020-03-08 14:22:15] 00000000 03 00 17 00 00 FC A4 01                         ........


[2020-03-08 14:22:15] REL_ENTITY_MOVE[class=PacketPlayOutRelEntityMove, id=41]:
[2020-03-08 14:22:15] 00000000 03 00 00 00 00 FF 00 01                         ........


[2020-03-08 14:22:15] REL_ENTITY_MOVE[class=PacketPlayOutRelEntityMove, id=41]:
[2020-03-08 14:22:15] 00000000 03 00 00 00 00 FF 74 01                         ......t.


[2020-03-08 14:22:15] REL_ENTITY_MOVE[class=PacketPlayOutRelEntityMove, id=41]:
[2020-03-08 14:22:15] 00000000 03 00 00 00 00 FF 73 01                         ......s.


[2020-03-08 14:22:15] REL_ENTITY_MOVE[class=PacketPlayOutRelEntityMove, id=41]:
[2020-03-08 14:22:15] 00000000 02 FF BA 09 D5 F6 6C 00                         ......l.


[2020-03-08 14:22:15] REL_ENTITY_MOVE[class=PacketPlayOutRelEntityMove, id=41]:
[2020-03-08 14:22:15] 00000000 02 FF EA 02 E5 FC EC 00                         ........


[2020-03-08 14:22:15] REL_ENTITY_MOVE[class=PacketPlayOutRelEntityMove, id=41]:
[2020-03-08 14:22:15] 00000000 02 FF EC 01 95 FD 33 00                         ......3.


[2020-03-08 14:22:15] REL_ENTITY_MOVE[class=PacketPlayOutRelEntityMove, id=41]:
[2020-03-08 14:22:15] 00000000 02 FF ED 00 4C FD 74 00                         ....L.t.


[2020-03-08 14:22:15] REL_ENTITY_MOVE[class=PacketPlayOutRelEntityMove, id=41]:
[2020-03-08 14:22:15] 00000000 03 00 00 00 00 00 00 01                         ........


[2020-03-08 14:22:15] REL_ENTITY_MOVE[class=PacketPlayOutRelEntityMove, id=41]:
[2020-03-08 14:22:15] 00000000 02 FF EF FF 09 FD AE 00                         ........


[2020-03-08 14:22:15] REL_ENTITY_MOVE[class=PacketPlayOutRelEntityMove, id=41]:
[2020-03-08 14:22:15] 00000000 02 FF E3 FA 64 FB F8 00                         ....d...


[2020-03-08 14:22:16] REL_ENTITY_MOVE[class=PacketPlayOutRelEntityMove, id=41]:
[2020-03-08 14:22:16] 00000000 02 FF F3 FB 68 FE 41 00                         ....h.A.


[2020-03-08 14:22:16] REL_ENTITY_MOVE[class=PacketPlayOutRelEntityMove, id=41]:
[2020-03-08 14:22:16] 00000000 03 FF FC 00 00 FE 62 01                         ......b.


[2020-03-08 14:22:16] REL_ENTITY_MOVE[class=PacketPlayOutRelEntityMove, id=41]:
[2020-03-08 14:22:16] 00000000 03 FF FD 00 00 FD 94 01                         ........


[2020-03-08 14:22:16] REL_ENTITY_MOVE[class=PacketPlayOutRelEntityMove, id=41]:
[2020-03-08 14:22:16] 00000000 02 00 00 00 00 FE 8D 01                         ........


[2020-03-08 14:22:16] REL_ENTITY_MOVE[class=PacketPlayOutRelEntityMove, id=41]:
[2020-03-08 14:22:16] 00000000 03 FF FC 00 00 FD 1B 01                         ........


[2020-03-08 14:22:16] REL_ENTITY_MOVE[class=PacketPlayOutRelEntityMove, id=41]:
[2020-03-08 14:22:16] 00000000 02 00 00 00 00 FF 36 01                         ......6.


[2020-03-08 14:22:16] REL_ENTITY_MOVE[class=PacketPlayOutRelEntityMove, id=41]:
[2020-03-08 14:22:16] 00000000 03 FF FC 00 00 FC DB 01                         ........


[2020-03-08 14:22:16] REL_ENTITY_MOVE[class=PacketPlayOutRelEntityMove, id=41]:
[2020-03-08 14:22:16] 00000000 03 FF FA 00 00 FC B7 01                         ........


[2020-03-08 14:22:16] REL_ENTITY_MOVE[class=PacketPlayOutRelEntityMove, id=41]:
[2020-03-08 14:22:16] 00000000 02 00 00 00 00 FF 55 01                         ......U.


[2020-03-08 14:22:16] REL_ENTITY_MOVE[class=PacketPlayOutRelEntityMove, id=41]:
[2020-03-08 14:22:16] 00000000 03 FF F1 00 00 FC 99 01                         ........


[2020-03-08 14:22:16] REL_ENTITY_MOVE[class=PacketPlayOutRelEntityMove, id=41]:
[2020-03-08 14:22:16] 00000000 03 FF F2 00 00 FC 93 01                         ........


[2020-03-08 14:22:16] REL_ENTITY_MOVE[class=PacketPlayOutRelEntityMove, id=41]:
[2020-03-08 14:22:16] 00000000 03 00 00 00 00 FE 22 01                         ......".


[2020-03-08 14:22:16] REL_ENTITY_MOVE[class=PacketPlayOutRelEntityMove, id=41]:
[2020-03-08 14:22:16] 00000000 02 FF AC 09 D5 F6 52 00                         ......R.


[2020-03-08 14:22:16] REL_ENTITY_MOVE[class=PacketPlayOutRelEntityMove, id=41]:
[2020-03-08 14:22:16] 00000000 03 00 00 00 00 FE FA 01                         ........


[2020-03-08 14:22:16] REL_ENTITY_MOVE[class=PacketPlayOutRelEntityMove, id=41]:
[2020-03-08 14:22:16] 00000000 02 FF E5 02 E5 FC E3 00                         ........


[2020-03-08 14:22:16] REL_ENTITY_MOVE[class=PacketPlayOutRelEntityMove, id=41]:
[2020-03-08 14:22:16] 00000000 03 00 00 00 00 FF 72 01                         ......r.


[2020-03-08 14:22:16] REL_ENTITY_MOVE[class=PacketPlayOutRelEntityMove, id=41]:
[2020-03-08 14:22:16] 00000000 02 FF E7 01 95 FD 2C 00                         ......,.


[2020-03-08 14:22:16] REL_ENTITY_MOVE[class=PacketPlayOutRelEntityMove, id=41]:
[2020-03-08 14:22:16] 00000000 02 FF EA 00 4C FD 6C 00                         ....L.l.


[2020-03-08 14:22:16] REL_ENTITY_MOVE[class=PacketPlayOutRelEntityMove, id=41]:
[2020-03-08 14:22:16] 00000000 02 FF EB FF 09 FD A8 00                         ........


[2020-03-08 14:22:16] REL_ENTITY_MOVE[class=PacketPlayOutRelEntityMove, id=41]:
[2020-03-08 14:22:16] 00000000 03 00 00 00 00 FF 70 01                         ......p.


[2020-03-08 14:22:16] REL_ENTITY_MOVE[class=PacketPlayOutRelEntityMove, id=41]:
[2020-03-08 14:22:16] 00000000 02 FF EE FD CD FD DE 00                         ........


[2020-03-08 14:22:16] REL_ENTITY_MOVE[class=PacketPlayOutRelEntityMove, id=41]:
[2020-03-08 14:22:16] 00000000 03 FF F1 00 00 FE 62 01                         ......b.


[2020-03-08 14:22:16] REL_ENTITY_MOVE[class=PacketPlayOutRelEntityMove, id=41]:
[2020-03-08 14:22:16] 00000000 02 FF EF FC 97 FE 0E 00                         ........


[2020-03-08 14:22:16] REL_ENTITY_MOVE[class=PacketPlayOutRelEntityMove, id=41]:
[2020-03-08 14:22:16] 00000000 03 FF F1 00 00 FD 8D 01                         ........


[2020-03-08 14:22:16] REL_ENTITY_MOVE[class=PacketPlayOutRelEntityMove, id=41]:
[2020-03-08 14:22:16] 00000000 02 FF F0 FB 68 FE 3C 00                         ....h.<.


[2020-03-08 14:22:16] REL_ENTITY_MOVE[class=PacketPlayOutRelEntityMove, id=41]:
[2020-03-08 14:22:16] 00000000 03 FF F1 00 00 FD 19 01                         ........


[2020-03-08 14:22:16] REL_ENTITY_MOVE[class=PacketPlayOutRelEntityMove, id=41]:
[2020-03-08 14:22:16] 00000000 03 FF F1 00 00 FC D8 01                         ........


[2020-03-08 14:22:16] REL_ENTITY_MOVE[class=PacketPlayOutRelEntityMove, id=41]:
[2020-03-08 14:22:16] 00000000 02 FF F3 00 00 FE 89 01                         ........


[2020-03-08 14:22:16] REL_ENTITY_MOVE[class=PacketPlayOutRelEntityMove, id=41]:
[2020-03-08 14:22:16] 00000000 03 FF F2 00 00 FC B7 01                         ........


[2020-03-08 14:22:16] REL_ENTITY_MOVE[class=PacketPlayOutRelEntityMove, id=41]:
[2020-03-08 14:22:16] 00000000 02 00 00 00 00 FF 33 01                         ......3.


[2020-03-08 14:22:17] REL_ENTITY_MOVE[class=PacketPlayOutRelEntityMove, id=41]:
[2020-03-08 14:22:17] 00000000 03 FF F1 00 00 FC A3 01                         ........


[2020-03-08 14:22:17] REL_ENTITY_MOVE[class=PacketPlayOutRelEntityMove, id=41]:
[2020-03-08 14:22:17] 00000000 03 FF F1 00 00 FC 99 01                         ........


[2020-03-08 14:22:17] REL_ENTITY_MOVE[class=PacketPlayOutRelEntityMove, id=41]:
[2020-03-08 14:22:17] 00000000 02 00 00 00 00 FF 54 01                         ......T.


[2020-03-08 14:22:17] REL_ENTITY_MOVE[class=PacketPlayOutRelEntityMove, id=41]:
[2020-03-08 14:22:17] 00000000 03 FF F1 00 00 FC 93 01                         ........


[2020-03-08 14:22:17] REL_ENTITY_MOVE[class=PacketPlayOutRelEntityMove, id=41]:
[2020-03-08 14:22:17] 00000000 03 FF F2 00 00 FC 90 01                         ........


[2020-03-08 14:22:17] REL_ENTITY_MOVE[class=PacketPlayOutRelEntityMove, id=41]:
[2020-03-08 14:22:17] 00000000 03 00 00 00 00 FE 20 01                         ...... .


[2020-03-08 14:22:17] REL_ENTITY_MOVE[class=PacketPlayOutRelEntityMove, id=41]:
[2020-03-08 14:22:17] 00000000 03 00 00 00 00 FE F9 01                         ........


[2020-03-08 14:22:17] REL_ENTITY_MOVE[class=PacketPlayOutRelEntityMove, id=41]:
[2020-03-08 14:22:17] 00000000 03 00 00 00 00 FF 71 01                         ......q.


[2020-03-08 14:22:17] REL_ENTITY_MOVE[class=PacketPlayOutRelEntityMove, id=41]:
[2020-03-08 14:22:17] 00000000 02 FF 72 0A 13 F3 C9 00                         ..r.....


[2020-03-08 14:22:17] REL_ENTITY_MOVE[class=PacketPlayOutRelEntityMove, id=41]:
[2020-03-08 14:22:17] 00000000 08 00 00 00 00 00 00 01                         ........


[2020-03-08 14:22:17] REL_ENTITY_MOVE[class=PacketPlayOutRelEntityMove, id=41]:
[2020-03-08 14:22:17] 00000000 08 00 00 00 00 00 00 01                         ........


[2020-03-08 14:22:17] REL_ENTITY_MOVE[class=PacketPlayOutRelEntityMove, id=41]:
[2020-03-08 14:22:17] 00000000 03 00 00 00 00 00 00 01                         ........


[2020-03-08 14:22:17] REL_ENTITY_MOVE[class=PacketPlayOutRelEntityMove, id=41]:
[2020-03-08 14:22:17] 00000000 02 FF E2 00 4C FD 6C 00                         ....L.l.


[2020-03-08 14:22:17] REL_ENTITY_MOVE[class=PacketPlayOutRelEntityMove, id=41]:
[2020-03-08 14:22:17] 00000000 09 00 00 00 00 00 00 01                         ........


[2020-03-08 14:22:17] REL_ENTITY_MOVE[class=PacketPlayOutRelEntityMove, id=41]:
[2020-03-08 14:22:17] 00000000 09 00 00 00 00 00 00 01                         ........


[2020-03-08 14:22:17] REL_ENTITY_MOVE[class=PacketPlayOutRelEntityMove, id=41]:
[2020-03-08 14:22:17] 00000000 02 FF E4 FF 09 FD A8 00                         ........


[2020-03-08 14:22:17] REL_ENTITY_MOVE[class=PacketPlayOutRelEntityMove, id=41]:
[2020-03-08 14:22:17] 00000000 03 00 00 00 00 FF 70 01                         ......p.


[2020-03-08 14:22:17] REL_ENTITY_MOVE[class=PacketPlayOutRelEntityMove, id=41]:
[2020-03-08 14:22:17] 00000000 02 FF E7 FD CD FD DD 00                         ........


[2020-03-08 14:22:17] REL_ENTITY_MOVE[class=PacketPlayOutRelEntityMove, id=41]:
[2020-03-08 14:22:17] 00000000 02 FF EA FC 97 FE 0F 00                         ........


[2020-03-08 14:22:17] REL_ENTITY_MOVE[class=PacketPlayOutRelEntityMove, id=41]:
[2020-03-08 14:22:17] 00000000 03 FF EC 00 00 FE 62 01                         ......b.


[2020-03-08 14:22:17] REL_ENTITY_MOVE[class=PacketPlayOutRelEntityMove, id=41]:
[2020-03-08 14:22:17] 00000000 02 FF EB FB 68 FE 3B 00                         ....h.;.


[2020-03-08 14:22:17] REL_ENTITY_MOVE[class=PacketPlayOutRelEntityMove, id=41]:
[2020-03-08 14:22:17] 00000000 03 FF EC 00 00 FD 95 01                         ........


[2020-03-08 14:22:17] REL_ENTITY_MOVE[class=PacketPlayOutRelEntityMove, id=41]:
[2020-03-08 14:22:17] 00000000 03 FF EB 00 00 FD 1C 01                         ........


[2020-03-08 14:22:17] REL_ENTITY_MOVE[class=PacketPlayOutRelEntityMove, id=41]:
[2020-03-08 14:22:17] 00000000 02 FF EF 00 00 FE 8A 01                         ........


[2020-03-08 14:22:17] REL_ENTITY_MOVE[class=PacketPlayOutRelEntityMove, id=41]:
[2020-03-08 14:22:17] 00000000 03 FF EB 00 00 FC DC 01                         ........


[2020-03-08 14:22:17] REL_ENTITY_MOVE[class=PacketPlayOutRelEntityMove, id=41]:
[2020-03-08 14:22:17] 00000000 02 00 00 00 00 FF 33 01                         ......3.


[2020-03-08 14:22:17] REL_ENTITY_MOVE[class=PacketPlayOutRelEntityMove, id=41]:
[2020-03-08 14:22:17] 00000000 05 00 00 00 00 00 00 00                         ........


[2020-03-08 14:22:17] REL_ENTITY_MOVE[class=PacketPlayOutRelEntityMove, id=41]:
[2020-03-08 14:22:17] 00000000 05 00 00 00 00 00 00 00                         ........


[2020-03-08 14:22:17] REL_ENTITY_MOVE[class=PacketPlayOutRelEntityMove, id=41]:
[2020-03-08 14:22:17] 00000000 03 FF EB 00 00 FC B8 01                         ........


[2020-03-08 14:22:17] REL_ENTITY_MOVE[class=PacketPlayOutRelEntityMove, id=41]:
[2020-03-08 14:22:17] 00000000 03 FF EB 00 00 FC A4 01                         ........


[2020-03-08 14:22:17] REL_ENTITY_MOVE[class=PacketPlayOutRelEntityMove, id=41]:
[2020-03-08 14:22:17] 00000000 02 00 00 00 00 FF 53 01                         ......S.


[2020-03-08 14:22:17] REL_ENTITY_MOVE[class=PacketPlayOutRelEntityMove, id=41]:
[2020-03-08 14:22:17] 00000000 03 FF EA 00 00 FC 9A 01                         ........


[2020-03-08 14:22:17] REL_ENTITY_MOVE[class=PacketPlayOutRelEntityMove, id=41]:
[2020-03-08 14:22:17] 00000000 03 FF E8 00 00 FC 94 01                         ........


[2020-03-08 14:22:17] REL_ENTITY_MOVE[class=PacketPlayOutRelEntityMove, id=41]:
[2020-03-08 14:22:17] 00000000 03 FF DB 00 00 FC 91 01                         ........


[2020-03-08 14:22:18] REL_ENTITY_MOVE[class=PacketPlayOutRelEntityMove, id=41]:
[2020-03-08 14:22:18] 00000000 03 FF D3 00 00 FC 90 01                         ........


[2020-03-08 14:22:18] REL_ENTITY_MOVE[class=PacketPlayOutRelEntityMove, id=41]:
[2020-03-08 14:22:18] 00000000 03 FF E7 00 00 FE 1F 01                         ........


[2020-03-08 14:22:18] REL_ENTITY_MOVE[class=PacketPlayOutRelEntityMove, id=41]:
[2020-03-08 14:22:18] 00000000 03 FF F3 00 00 FE FA 01                         ........


[2020-03-08 14:22:18] REL_ENTITY_MOVE[class=PacketPlayOutRelEntityMove, id=41]:
[2020-03-08 14:22:18] 00000000 03 00 00 00 00 FF 70 01                         ......p.


[2020-03-08 14:22:18] REL_ENTITY_MOVE[class=PacketPlayOutRelEntityMove, id=41]:
[2020-03-08 14:22:18] 00000000 03 00 00 00 00 FF 70 01                         ......p.


[2020-03-08 14:22:18] REL_ENTITY_MOVE[class=PacketPlayOutRelEntityMove, id=41]:
[2020-03-08 14:22:18] 00000000 02 FF 5B 08 7E F6 A2 00                         ..[.~...


[2020-03-08 14:22:18] REL_ENTITY_MOVE[class=PacketPlayOutRelEntityMove, id=41]:
[2020-03-08 14:22:18] 00000000 02 FF CE 01 95 FD 2C 00                         ......,.


[2020-03-08 14:22:18] REL_ENTITY_MOVE[class=PacketPlayOutRelEntityMove, id=41]:
[2020-03-08 14:22:18] 00000000 02 FF D3 00 4C FD 6C 00                         ....L.l.


[2020-03-08 14:22:18] REL_ENTITY_MOVE[class=PacketPlayOutRelEntityMove, id=41]:
[2020-03-08 14:22:18] 00000000 02 FF D7 FF 09 FD A9 00                         ........


[2020-03-08 14:22:18] REL_ENTITY_MOVE[class=PacketPlayOutRelEntityMove, id=41]:
[2020-03-08 14:22:18] 00000000 02 FF DA FD CD FD DE 00                         ........


[2020-03-08 14:22:18] REL_ENTITY_MOVE[class=PacketPlayOutRelEntityMove, id=41]:
[2020-03-08 14:22:18] 00000000 03 FF E7 00 00 FE 63 01                         ......c.


[2020-03-08 14:22:18] REL_ENTITY_MOVE[class=PacketPlayOutRelEntityMove, id=41]:
[2020-03-08 14:22:18] 00000000 02 FF DE FC 97 FE 0F 00                         ........


[2020-03-08 14:22:18] REL_ENTITY_MOVE[class=PacketPlayOutRelEntityMove, id=41]:
[2020-03-08 14:22:18] 00000000 03 FF DA 00 00 FD 94 01                         ........


[2020-03-08 14:22:18] REL_ENTITY_MOVE[class=PacketPlayOutRelEntityMove, id=41]:
[2020-03-08 14:22:18] 00000000 02 FF E1 FB 68 FE 3C 00                         ....h.<.


[2020-03-08 14:22:18] REL_ENTITY_MOVE[class=PacketPlayOutRelEntityMove, id=41]:
[2020-03-08 14:22:18] 00000000 03 FF D3 00 00 FD 1D 01                         ........


[2020-03-08 14:22:18] REL_ENTITY_MOVE[class=PacketPlayOutRelEntityMove, id=41]:
[2020-03-08 14:22:18] 00000000 02 FF E4 FA 3D FE 65 00                         ....=.e.


[2020-03-08 14:22:18] REL_ENTITY_MOVE[class=PacketPlayOutRelEntityMove, id=41]:
[2020-03-08 14:22:18] 00000000 03 FF CE 00 00 FC DC 01                         ........


[2020-03-08 14:22:18] REL_ENTITY_MOVE[class=PacketPlayOutRelEntityMove, id=41]:
[2020-03-08 14:22:18] 00000000 02 FF E6 F9 1B FE 89 00                         ........


[2020-03-08 14:22:18] REL_ENTITY_MOVE[class=PacketPlayOutRelEntityMove, id=41]:
[2020-03-08 14:22:18] 00000000 03 FF CD 00 00 FC B9 01                         ........


[2020-03-08 14:22:18] REL_ENTITY_MOVE[class=PacketPlayOutRelEntityMove, id=41]:
[2020-03-08 14:22:18] 00000000 03 FF CB 00 00 FC A4 01                         ........


[2020-03-08 14:22:18] REL_ENTITY_MOVE[class=PacketPlayOutRelEntityMove, id=41]:
[2020-03-08 14:22:18] 00000000 02 FF EA 00 00 FE CA 01                         ........


[2020-03-08 14:22:18] REL_ENTITY_MOVE[class=PacketPlayOutRelEntityMove, id=41]:
[2020-03-08 14:22:18] 00000000 02 00 00 00 00 FF 56 01                         ......V.


[2020-03-08 14:22:18] REL_ENTITY_MOVE[class=PacketPlayOutRelEntityMove, id=41]:
[2020-03-08 14:22:18] 00000000 03 FF C6 00 00 FC 95 01                         ........


[2020-03-08 14:22:18] REL_ENTITY_MOVE[class=PacketPlayOutRelEntityMove, id=41]:
[2020-03-08 14:22:18] 00000000 02 00 00 00 00 FF 72 01                         ......r.


[2020-03-08 14:22:19] REL_ENTITY_MOVE[class=PacketPlayOutRelEntityMove, id=41]:
[2020-03-08 14:22:19] 00000000 02 00 00 00 00 00 00 01                         ........


[2020-03-08 14:22:19] REL_ENTITY_MOVE[class=PacketPlayOutRelEntityMove, id=41]:
[2020-03-08 14:22:19] 00000000 02 00 00 00 00 FF D5 01                         ........


[2020-03-08 14:22:20] REL_ENTITY_MOVE[class=PacketPlayOutRelEntityMove, id=41]:
[2020-03-08 14:22:20] 00000000 03 00 00 00 00 FF F4 01                         ........


[2020-03-08 14:22:20] REL_ENTITY_MOVE[class=PacketPlayOutRelEntityMove, id=41]:
[2020-03-08 14:22:20] 00000000 08 00 00 00 00 00 00 01                         ........


[2020-03-08 14:22:20] REL_ENTITY_MOVE[class=PacketPlayOutRelEntityMove, id=41]:
[2020-03-08 14:22:20] 00000000 08 00 00 00 00 00 00 01                         ........


[2020-03-08 14:22:20] REL_ENTITY_MOVE[class=PacketPlayOutRelEntityMove, id=41]:
[2020-03-08 14:22:20] 00000000 03 00 00 00 00 00 00 01                         ........


[2020-03-08 14:22:20] REL_ENTITY_MOVE[class=PacketPlayOutRelEntityMove, id=41]:
[2020-03-08 14:22:20] 00000000 09 00 00 00 00 00 00 01                         ........


[2020-03-08 14:22:20] REL_ENTITY_MOVE[class=PacketPlayOutRelEntityMove, id=41]:
[2020-03-08 14:22:20] 00000000 09 00 00 00 00 00 00 01                         ........


[2020-03-08 14:22:20] REL_ENTITY_MOVE[class=PacketPlayOutRelEntityMove, id=41]:
[2020-03-08 14:22:20] 00000000 02 FF 48 09 D5 F6 41 00                         ..H...A.


[2020-03-08 14:22:20] REL_ENTITY_MOVE[class=PacketPlayOutRelEntityMove, id=41]:
[2020-03-08 14:22:20] 00000000 02 FF C5 02 E5 FC DE 00                         ........


[2020-03-08 14:22:20] REL_ENTITY_MOVE[class=PacketPlayOutRelEntityMove, id=41]:
[2020-03-08 14:22:20] 00000000 02 FF CA 01 95 FD 27 00                         ......'.


[2020-03-08 14:22:20] REL_ENTITY_MOVE[class=PacketPlayOutRelEntityMove, id=41]:
[2020-03-08 14:22:20] 00000000 02 FF CF 00 4C FD 68 00                         ....L.h.


[2020-03-08 14:22:20] REL_ENTITY_MOVE[class=PacketPlayOutRelEntityMove, id=41]:
[2020-03-08 14:22:20] 00000000 02 FF D3 FF 09 FD A3 00                         ........


[2020-03-08 14:22:20] REL_ENTITY_MOVE[class=PacketPlayOutRelEntityMove, id=41]:
[2020-03-08 14:22:20] 00000000 05 00 00 00 00 00 00 00                         ........


[2020-03-08 14:22:20] REL_ENTITY_MOVE[class=PacketPlayOutRelEntityMove, id=41]:
[2020-03-08 14:22:20] 00000000 05 00 00 00 00 00 00 00                         ........


[2020-03-08 14:22:20] REL_ENTITY_MOVE[class=PacketPlayOutRelEntityMove, id=41]:
[2020-03-08 14:22:20] 00000000 02 FF D7 FD CD FD DA 00                         ........


[2020-03-08 14:22:20] REL_ENTITY_MOVE[class=PacketPlayOutRelEntityMove, id=41]:
[2020-03-08 14:22:20] 00000000 02 FF DB FC 97 FE 0C 00                         ........


[2020-03-08 14:22:20] REL_ENTITY_MOVE[class=PacketPlayOutRelEntityMove, id=41]:
[2020-03-08 14:22:20] 00000000 03 FF DE 00 00 FE 70 01                         ......p.


[2020-03-08 14:22:20] REL_ENTITY_MOVE[class=PacketPlayOutRelEntityMove, id=41]:
[2020-03-08 14:22:20] 00000000 02 FF DF FB 68 FE 39 00                         ....h.9.


[2020-03-08 14:22:20] REL_ENTITY_MOVE[class=PacketPlayOutRelEntityMove, id=41]:
[2020-03-08 14:22:20] 00000000 03 FF CB 00 00 FD 95 01                         ........


[2020-03-08 14:22:20] REL_ENTITY_MOVE[class=PacketPlayOutRelEntityMove, id=41]:
[2020-03-08 14:22:20] 00000000 02 FF E4 00 00 FE 87 01                         ........


[2020-03-08 14:22:21] REL_ENTITY_MOVE[class=PacketPlayOutRelEntityMove, id=41]:
[2020-03-08 14:22:21] 00000000 03 FF BC 00 00 FC DD 01                         ........


[2020-03-08 14:22:21] REL_ENTITY_MOVE[class=PacketPlayOutRelEntityMove, id=41]:
[2020-03-08 14:22:21] 00000000 02 FF F1 00 00 FF 32 01                         ......2.


[2020-03-08 14:22:21] REL_ENTITY_MOVE[class=PacketPlayOutRelEntityMove, id=41]:
[2020-03-08 14:22:21] 00000000 02 00 00 00 00 FF 53 01                         ......S.


[2020-03-08 14:22:21] REL_ENTITY_MOVE[class=PacketPlayOutRelEntityMove, id=41]:
[2020-03-08 14:22:21] 00000000 03 FF BA 00 00 FC 37 01                         ......7.


[2020-03-08 14:22:21] REL_ENTITY_MOVE[class=PacketPlayOutRelEntityMove, id=41]:
[2020-03-08 14:22:21] 00000000 03 FF C1 00 00 FC 5E 01                         ......^.


[2020-03-08 14:22:21] REL_ENTITY_MOVE[class=PacketPlayOutRelEntityMove, id=41]:
[2020-03-08 14:22:21] 00000000 03 FF DD 00 00 FE 04 01                         ........


[2020-03-08 14:22:21] REL_ENTITY_MOVE[class=PacketPlayOutRelEntityMove, id=41]:
[2020-03-08 14:22:21] 00000000 03 FF ED 00 00 FE EB 01                         ........


[2020-03-08 14:22:21] REL_ENTITY_MOVE[class=PacketPlayOutRelEntityMove, id=41]:
[2020-03-08 14:22:21] 00000000 03 00 00 00 00 FF 69 01                         ......i.


[2020-03-08 14:22:21] REL_ENTITY_MOVE[class=PacketPlayOutRelEntityMove, id=41]:
[2020-03-08 14:22:21] 00000000 03 00 00 00 00 FF 80 01                         ........


[2020-03-08 14:22:21] REL_ENTITY_MOVE[class=PacketPlayOutRelEntityMove, id=41]:
[2020-03-08 14:22:21] 00000000 03 00 00 00 00 00 00 01                         ........


[2020-03-08 14:22:22] REL_ENTITY_MOVE[class=PacketPlayOutRelEntityMove, id=41]:
[2020-03-08 14:22:22] 00000000 02 00 00 00 00 FF CC 01                         ........


[2020-03-08 14:22:22] REL_ENTITY_MOVE[class=PacketPlayOutRelEntityMove, id=41]:
[2020-03-08 14:22:22] 00000000 03 FF E4 00 00 FE 4A 01                         ......J.


[2020-03-08 14:22:22] REL_ENTITY_MOVE[class=PacketPlayOutRelEntityMove, id=41]:
[2020-03-08 14:22:22] 00000000 03 FF D6 00 00 FD 95 01                         ........


[2020-03-08 14:22:22] REL_ENTITY_MOVE[class=PacketPlayOutRelEntityMove, id=41]:
[2020-03-08 14:22:22] 00000000 03 FF CD 00 00 FD 1D 01                         ........


[2020-03-08 14:22:22] REL_ENTITY_MOVE[class=PacketPlayOutRelEntityMove, id=41]:
[2020-03-08 14:22:22] 00000000 03 FF E4 00 00 FE 6D 01                         ......m.


[2020-03-08 14:22:22] REL_ENTITY_MOVE[class=PacketPlayOutRelEntityMove, id=41]:
[2020-03-08 14:22:22] 00000000 03 FF F0 00 00 FF 24 01                         ......$.


[2020-03-08 14:22:22] REL_ENTITY_MOVE[class=PacketPlayOutRelEntityMove, id=41]:
[2020-03-08 14:22:22] 00000000 03 00 00 00 00 FF 46 01                         ......F.


[2020-03-08 14:22:23] REL_ENTITY_MOVE[class=PacketPlayOutRelEntityMove, id=41]:
[2020-03-08 14:22:23] 00000000 08 00 00 00 00 00 00 01                         ........


[2020-03-08 14:22:23] REL_ENTITY_MOVE[class=PacketPlayOutRelEntityMove, id=41]:
[2020-03-08 14:22:23] 00000000 08 00 00 00 00 00 00 01                         ........


[2020-03-08 14:22:23] REL_ENTITY_MOVE[class=PacketPlayOutRelEntityMove, id=41]:
[2020-03-08 14:22:23] 00000000 03 00 00 00 00 00 00 01                         ........


[2020-03-08 14:22:23] REL_ENTITY_MOVE[class=PacketPlayOutRelEntityMove, id=41]:
[2020-03-08 14:22:23] 00000000 09 00 00 00 00 00 00 01                         ........


[2020-03-08 14:22:23] REL_ENTITY_MOVE[class=PacketPlayOutRelEntityMove, id=41]:
[2020-03-08 14:22:23] 00000000 09 00 00 00 00 00 00 01                         ........


[2020-03-08 14:22:23] REL_ENTITY_MOVE[class=PacketPlayOutRelEntityMove, id=41]:
[2020-03-08 14:22:23] 00000000 02 00 00 00 00 00 00 01                         ........


[2020-03-08 14:22:23] REL_ENTITY_MOVE[class=PacketPlayOutRelEntityMove, id=41]:
[2020-03-08 14:22:23] 00000000 05 00 00 00 00 00 00 00                         ........


[2020-03-08 14:22:23] REL_ENTITY_MOVE[class=PacketPlayOutRelEntityMove, id=41]:
[2020-03-08 14:22:23] 00000000 05 00 00 00 00 00 00 00                         ........


[2020-03-08 14:22:23] REL_ENTITY_MOVE[class=PacketPlayOutRelEntityMove, id=41]:
[2020-03-08 14:22:23] 00000000 03 00 00 00 00 FF C9 01                         ........


[2020-03-08 14:22:24] REL_ENTITY_MOVE[class=PacketPlayOutRelEntityMove, id=41]:
[2020-03-08 14:22:24] 00000000 02 FF 36 09 D5 F6 05 00                         ..6.....


[2020-03-08 14:22:24] REL_ENTITY_MOVE[class=PacketPlayOutRelEntityMove, id=41]:
[2020-03-08 14:22:24] 00000000 02 FF BE 02 E5 FC CA 00                         ........


[2020-03-08 14:22:24] REL_ENTITY_MOVE[class=PacketPlayOutRelEntityMove, id=41]:
[2020-03-08 14:22:24] 00000000 02 FF C5 01 95 FD 15 00                         ........


[2020-03-08 14:22:24] REL_ENTITY_MOVE[class=PacketPlayOutRelEntityMove, id=41]:
[2020-03-08 14:22:24] 00000000 02 FF CA 00 4C FD 58 00                         ....L.X.


[2020-03-08 14:22:24] REL_ENTITY_MOVE[class=PacketPlayOutRelEntityMove, id=41]:
[2020-03-08 14:22:24] 00000000 02 FF CE FF 09 FD 95 00                         ........


[2020-03-08 14:22:24] REL_ENTITY_MOVE[class=PacketPlayOutRelEntityMove, id=41]:
[2020-03-08 14:22:24] 00000000 02 FF D3 FD CD FD CD 00                         ........


[2020-03-08 14:22:24] REL_ENTITY_MOVE[class=PacketPlayOutRelEntityMove, id=41]:
[2020-03-08 14:22:24] 00000000 02 FF D8 FC 97 FE 00 00                         ........


[2020-03-08 14:22:24] REL_ENTITY_MOVE[class=PacketPlayOutRelEntityMove, id=41]:
[2020-03-08 14:22:24] 00000000 02 FF DB FB 68 FE 2D 00                         ....h.-.


[2020-03-08 14:22:24] REL_ENTITY_MOVE[class=PacketPlayOutRelEntityMove, id=41]:
[2020-03-08 14:22:24] 00000000 02 FF E1 00 00 FE 7E 01                         ......~.


[2020-03-08 14:22:24] REL_ENTITY_MOVE[class=PacketPlayOutRelEntityMove, id=41]:
[2020-03-08 14:22:24] 00000000 02 FF EF 00 00 FF 2D 01                         ......-.


[2020-03-08 14:22:24] REL_ENTITY_MOVE[class=PacketPlayOutRelEntityMove, id=41]:
[2020-03-08 14:22:24] 00000000 02 00 00 00 00 FF 4E 01                         ......N.


[2020-03-08 14:22:24] REL_ENTITY_MOVE[class=PacketPlayOutRelEntityMove, id=41]:
[2020-03-08 14:22:24] 00000000 03 00 00 00 00 00 00 01                         ........


[2020-03-08 14:22:24] REL_ENTITY_MOVE[class=PacketPlayOutRelEntityMove, id=41]:
[2020-03-08 14:22:24] 00000000 03 01 0D 00 00 FE CB 01                         ........


[2020-03-08 14:22:24] REL_ENTITY_MOVE[class=PacketPlayOutRelEntityMove, id=41]:
[2020-03-08 14:22:24] 00000000 03 01 9F 00 00 FE 21 01                         ......!.


[2020-03-08 14:22:25] REL_ENTITY_MOVE[class=PacketPlayOutRelEntityMove, id=41]:
[2020-03-08 14:22:25] 00000000 02 00 00 00 00 00 00 01                         ........


[2020-03-08 14:22:25] REL_ENTITY_MOVE[class=PacketPlayOutRelEntityMove, id=41]:
[2020-03-08 14:22:25] 00000000 03 FD F9 00 00 00 20 01                         ...... .


[2020-03-08 14:22:25] REL_ENTITY_MOVE[class=PacketPlayOutRelEntityMove, id=41]:
[2020-03-08 14:22:25] 00000000 03 FD 5F 00 00 00 73 01                         .._...s.


[2020-03-08 14:22:25] REL_ENTITY_MOVE[class=PacketPlayOutRelEntityMove, id=41]:
[2020-03-08 14:22:25] 00000000 03 FD 0B 00 00 00 A0 01                         ........


[2020-03-08 14:22:25] REL_ENTITY_MOVE[class=PacketPlayOutRelEntityMove, id=41]:
[2020-03-08 14:22:25] 00000000 03 FC DD 00 00 00 BA 01                         ........


[2020-03-08 14:22:25] REL_ENTITY_MOVE[class=PacketPlayOutRelEntityMove, id=41]:
[2020-03-08 14:22:25] 00000000 03 FC C4 00 00 00 C6 01                         ........


[2020-03-08 14:22:25] REL_ENTITY_MOVE[class=PacketPlayOutRelEntityMove, id=41]:
[2020-03-08 14:22:25] 00000000 03 FC B7 00 00 00 CE 01                         ........


[2020-03-08 14:22:25] REL_ENTITY_MOVE[class=PacketPlayOutRelEntityMove, id=41]:
[2020-03-08 14:22:25] 00000000 03 FE 35 00 00 00 70 01                         ..5...p.


[2020-03-08 14:22:25] REL_ENTITY_MOVE[class=PacketPlayOutRelEntityMove, id=41]:
[2020-03-08 14:22:25] 00000000 03 FF 05 00 00 00 3E 01                         ......>.


[2020-03-08 14:22:25] REL_ENTITY_MOVE[class=PacketPlayOutRelEntityMove, id=41]:
[2020-03-08 14:22:25] 00000000 03 FF 77 00 00 00 21 01                         ..w...!.


[2020-03-08 14:22:25] REL_ENTITY_MOVE[class=PacketPlayOutRelEntityMove, id=41]:
[2020-03-08 14:22:25] 00000000 02 00 00 00 00 FF CB 01                         ........


[2020-03-08 14:22:25] REL_ENTITY_MOVE[class=PacketPlayOutRelEntityMove, id=41]:
[2020-03-08 14:22:25] 00000000 03 00 17 00 00 01 98 01                         ........


[2020-03-08 14:22:25] REL_ENTITY_MOVE[class=PacketPlayOutRelEntityMove, id=41]:
[2020-03-08 14:22:25] 00000000 03 00 97 00 00 02 D5 01                         ........


[2020-03-08 14:22:26] REL_ENTITY_MOVE[class=PacketPlayOutRelEntityMove, id=41]:
[2020-03-08 14:22:26] 00000000 03 00 32 00 00 00 EB 01                         ..2.....


[2020-03-08 14:22:26] REL_ENTITY_MOVE[class=PacketPlayOutRelEntityMove, id=41]:
[2020-03-08 14:22:26] 00000000 03 FF C9 00 00 FE 72 01                         ......r.


[2020-03-08 14:22:26] REL_ENTITY_MOVE[class=PacketPlayOutRelEntityMove, id=41]:
[2020-03-08 14:22:26] 00000000 08 00 00 00 00 00 00 01                         ........


[2020-03-08 14:22:26] REL_ENTITY_MOVE[class=PacketPlayOutRelEntityMove, id=41]:
[2020-03-08 14:22:26] 00000000 08 00 00 00 00 00 00 01                         ........


[2020-03-08 14:22:26] REL_ENTITY_MOVE[class=PacketPlayOutRelEntityMove, id=41]:
[2020-03-08 14:22:26] 00000000 03 FF AD 00 00 FD 99 01                         ........


[2020-03-08 14:22:26] REL_ENTITY_MOVE[class=PacketPlayOutRelEntityMove, id=41]:
[2020-03-08 14:22:26] 00000000 09 00 00 00 00 00 00 01                         ........


[2020-03-08 14:22:26] REL_ENTITY_MOVE[class=PacketPlayOutRelEntityMove, id=41]:
[2020-03-08 14:22:26] 00000000 09 00 00 00 00 00 00 01                         ........


[2020-03-08 14:22:26] REL_ENTITY_MOVE[class=PacketPlayOutRelEntityMove, id=41]:
[2020-03-08 14:22:26] 00000000 03 FF 9E 00 00 FD 23 01                         ......#.


[2020-03-08 14:22:26] REL_ENTITY_MOVE[class=PacketPlayOutRelEntityMove, id=41]:
[2020-03-08 14:22:26] 00000000 03 FF 95 00 00 FC E1 01                         ........


[2020-03-08 14:22:26] REL_ENTITY_MOVE[class=PacketPlayOutRelEntityMove, id=41]:
[2020-03-08 14:22:26] 00000000 03 FF 91 00 00 FC BE 01                         ........


[2020-03-08 14:22:26] REL_ENTITY_MOVE[class=PacketPlayOutRelEntityMove, id=41]:
[2020-03-08 14:22:26] 00000000 03 FF 8F 00 00 FC AB 01                         ........


[2020-03-08 14:22:26] REL_ENTITY_MOVE[class=PacketPlayOutRelEntityMove, id=41]:
[2020-03-08 14:22:26] 00000000 03 FF C2 00 00 FE 2E 01                         ........


[2020-03-08 14:22:26] REL_ENTITY_MOVE[class=PacketPlayOutRelEntityMove, id=41]:
[2020-03-08 14:22:26] 00000000 02 00 00 00 00 00 00 01                         ........


[2020-03-08 14:22:26] REL_ENTITY_MOVE[class=PacketPlayOutRelEntityMove, id=41]:
[2020-03-08 14:22:26] 00000000 03 FF DE 00 00 FF 02 01                         ........


[2020-03-08 14:22:26] REL_ENTITY_MOVE[class=PacketPlayOutRelEntityMove, id=41]:
[2020-03-08 14:22:26] 00000000 03 FF EE 00 00 FF 75 01                         ......u.


[2020-03-08 14:22:26] REL_ENTITY_MOVE[class=PacketPlayOutRelEntityMove, id=41]:
[2020-03-08 14:22:26] 00000000 05 00 00 00 00 00 00 00                         ........


[2020-03-08 14:22:26] REL_ENTITY_MOVE[class=PacketPlayOutRelEntityMove, id=41]:
[2020-03-08 14:22:26] 00000000 05 00 00 00 00 00 00 00                         ........


[2020-03-08 14:22:26] REL_ENTITY_MOVE[class=PacketPlayOutRelEntityMove, id=41]:
[2020-03-08 14:22:26] 00000000 03 00 00 00 00 FF 74 01                         ......t.


[2020-03-08 14:22:27] REL_ENTITY_MOVE[class=PacketPlayOutRelEntityMove, id=41]:
[2020-03-08 14:22:27] 00000000 03 00 51 00 00 02 DC 01                         ..Q.....


[2020-03-08 14:22:27] REL_ENTITY_MOVE[class=PacketPlayOutRelEntityMove, id=41]:
[2020-03-08 14:22:27] 00000000 03 00 54 00 00 03 1F 01                         ..T.....


[2020-03-08 14:22:27] REL_ENTITY_MOVE[class=PacketPlayOutRelEntityMove, id=41]:
[2020-03-08 14:22:27] 00000000 03 00 2E 00 00 01 C9 01                         ........


[2020-03-08 14:22:27] REL_ENTITY_MOVE[class=PacketPlayOutRelEntityMove, id=41]:
[2020-03-08 14:22:27] 00000000 03 01 A8 00 00 00 D4 01                         ........


[2020-03-08 14:22:27] REL_ENTITY_MOVE[class=PacketPlayOutRelEntityMove, id=41]:
[2020-03-08 14:22:27] 00000000 03 02 E8 00 00 00 08 01                         ........


[2020-03-08 14:22:27] REL_ENTITY_MOVE[class=PacketPlayOutRelEntityMove, id=41]:
[2020-03-08 14:22:27] 00000000 03 00 AB 00 00 FD 95 01                         ........


[2020-03-08 14:22:27] REL_ENTITY_MOVE[class=PacketPlayOutRelEntityMove, id=41]:
[2020-03-08 14:22:27] 00000000 03 00 3D 00 00 FD 1E 01                         ..=.....


[2020-03-08 14:22:27] REL_ENTITY_MOVE[class=PacketPlayOutRelEntityMove, id=41]:
[2020-03-08 14:22:27] 00000000 03 00 00 00 00 FC DD 01                         ........


[2020-03-08 14:22:27] REL_ENTITY_MOVE[class=PacketPlayOutRelEntityMove, id=41]:
[2020-03-08 14:22:27] 00000000 03 FE 70 00 00 FE 6B 01                         ..p...k.


[2020-03-08 14:22:27] REL_ENTITY_MOVE[class=PacketPlayOutRelEntityMove, id=41]:
[2020-03-08 14:22:27] 00000000 03 FD 96 00 00 FF 43 01                         ......C.


[2020-03-08 14:22:27] REL_ENTITY_MOVE[class=PacketPlayOutRelEntityMove, id=41]:
[2020-03-08 14:22:27] 00000000 03 FD 1E 00 00 FF B9 01                         ........


[2020-03-08 14:22:27] REL_ENTITY_MOVE[class=PacketPlayOutRelEntityMove, id=41]:
[2020-03-08 14:22:27] 00000000 03 FE 6D 00 00 FF DA 01                         ..m.....


[2020-03-08 14:22:28] REL_ENTITY_MOVE[class=PacketPlayOutRelEntityMove, id=41]:
[2020-03-08 14:22:28] 00000000 02 00 00 00 00 00 00 01                         ........


[2020-03-08 14:22:28] REL_ENTITY_MOVE[class=PacketPlayOutRelEntityMove, id=41]:
[2020-03-08 14:22:28] 00000000 03 FF C9 00 00 00 00 01                         ........


[2020-03-08 14:22:29] REL_ENTITY_MOVE[class=PacketPlayOutRelEntityMove, id=41]:
[2020-03-08 14:22:29] 00000000 03 00 0E 00 00 01 91 01                         ........


[2020-03-08 14:22:29] REL_ENTITY_MOVE[class=PacketPlayOutRelEntityMove, id=41]:
[2020-03-08 14:22:29] 00000000 03 00 0E 00 00 02 6C 01                         ......l.


[2020-03-08 14:22:29] REL_ENTITY_MOVE[class=PacketPlayOutRelEntityMove, id=41]:
[2020-03-08 14:22:29] 00000000 03 00 0F 00 00 02 E4 01                         ........


[2020-03-08 14:22:29] REL_ENTITY_MOVE[class=PacketPlayOutRelEntityMove, id=41]:
[2020-03-08 14:22:29] 00000000 03 00 00 00 00 01 94 01                         ........


[2020-03-08 14:22:29] REL_ENTITY_MOVE[class=PacketPlayOutRelEntityMove, id=41]:
[2020-03-08 14:22:29] 00000000 03 00 00 00 00 00 DC 01                         ........


[2020-03-08 14:22:29] REL_ENTITY_MOVE[class=PacketPlayOutRelEntityMove, id=41]:
[2020-03-08 14:22:29] 00000000 08 00 00 00 00 00 00 01                         ........


[2020-03-08 14:22:29] REL_ENTITY_MOVE[class=PacketPlayOutRelEntityMove, id=41]:
[2020-03-08 14:22:29] 00000000 08 00 00 00 00 00 00 01                         ........


[2020-03-08 14:22:29] REL_ENTITY_MOVE[class=PacketPlayOutRelEntityMove, id=41]:
[2020-03-08 14:22:29] 00000000 03 00 00 00 00 00 BA 01                         ........


[2020-03-08 14:22:29] REL_ENTITY_MOVE[class=PacketPlayOutRelEntityMove, id=41]:
[2020-03-08 14:22:29] 00000000 09 00 00 00 00 00 00 01                         ........


[2020-03-08 14:22:29] REL_ENTITY_MOVE[class=PacketPlayOutRelEntityMove, id=41]:
[2020-03-08 14:22:29] 00000000 09 00 00 00 00 00 00 01                         ........


[2020-03-08 14:22:29] REL_ENTITY_MOVE[class=PacketPlayOutRelEntityMove, id=41]:
[2020-03-08 14:22:29] 00000000 02 00 00 00 00 00 00 01                         ........


[2020-03-08 14:22:29] REL_ENTITY_MOVE[class=PacketPlayOutRelEntityMove, id=41]:
[2020-03-08 14:22:29] 00000000 05 00 00 00 00 00 00 00                         ........


[2020-03-08 14:22:29] REL_ENTITY_MOVE[class=PacketPlayOutRelEntityMove, id=41]:
[2020-03-08 14:22:29] 00000000 05 00 00 00 00 00 00 00                         ........


[2020-03-08 14:22:30] REL_ENTITY_MOVE[class=PacketPlayOutRelEntityMove, id=41]:
[2020-03-08 14:22:30] 00000000 03 00 00 00 00 00 38 01                         ......8.


[2020-03-08 14:22:30] REL_ENTITY_MOVE[class=PacketPlayOutRelEntityMove, id=41]:
[2020-03-08 14:22:30] 00000000 03 00 00 00 00 00 00 01                         ........


[2020-03-08 14:22:31] REL_ENTITY_MOVE[class=PacketPlayOutRelEntityMove, id=41]:
[2020-03-08 14:22:31] 00000000 02 00 00 00 00 00 00 01                         ........


[2020-03-08 14:22:32] REL_ENTITY_MOVE[class=PacketPlayOutRelEntityMove, id=41]:
[2020-03-08 14:22:32] 00000000 08 00 00 00 00 00 00 01                         ........


[2020-03-08 14:22:32] REL_ENTITY_MOVE[class=PacketPlayOutRelEntityMove, id=41]:
[2020-03-08 14:22:32] 00000000 08 00 00 00 00 00 00 01                         ........


[2020-03-08 14:22:32] REL_ENTITY_MOVE[class=PacketPlayOutRelEntityMove, id=41]:
[2020-03-08 14:22:32] 00000000 03 00 00 00 00 00 00 01                         ........


[2020-03-08 14:22:32] REL_ENTITY_MOVE[class=PacketPlayOutRelEntityMove, id=41]:
[2020-03-08 14:22:32] 00000000 09 00 00 00 00 00 00 01                         ........


[2020-03-08 14:22:32] REL_ENTITY_MOVE[class=PacketPlayOutRelEntityMove, id=41]:
[2020-03-08 14:22:32] 00000000 09 00 00 00 00 00 00 01                         ........


[2020-03-08 14:22:32] REL_ENTITY_MOVE[class=PacketPlayOutRelEntityMove, id=41]:
[2020-03-08 14:22:32] 00000000 02 00 00 00 00 00 00 01                         ........


[2020-03-08 14:22:32] REL_ENTITY_MOVE[class=PacketPlayOutRelEntityMove, id=41]:
[2020-03-08 14:22:32] 00000000 05 00 00 00 00 00 00 00                         ........


[2020-03-08 14:22:32] REL_ENTITY_MOVE[class=PacketPlayOutRelEntityMove, id=41]:
[2020-03-08 14:22:32] 00000000 05 00 00 00 00 00 00 00                         ........


